<?xml version="1.0" encoding="UTF-8"?>
<!-- Generated by org.testng.reporters.JUnitXMLReporter -->
<testsuite ignored="0" hostname="DESKTOP-7SNL7GR" failures="0" tests="4" name="Test" time="64.066" errors="0" timestamp="2022-08-17T13:49:34 IST">
  <testcase classname="testng.TestCase2" name="tc2" time="1.931"/>
  <testcase classname="testng.TestCase1" name="tc1" time="6.616"/>
  <testcase classname="testng.TestCase3" name="tc3" time="4.925"/>
  <testcase classname="testng.Testcase4" name="tc4" time="0.444"/>
</testsuite> <!-- Test -->
