<?xml version="1.0" encoding="UTF-8"?>
<testng-results ignored="0" total="3" passed="3" failed="0" skipped="0">
  <reporter-output>
    <line>
      <![CDATA[chats ]]>
    </line>
    <line>
      <![CDATA[settings ]]>
    </line>
    <line>
      <![CDATA[calls ]]>
    </line>
  </reporter-output>
  <suite started-at="2022-09-19T09:14:55 IST" name="Default suite" finished-at="2022-09-19T09:14:55 IST" duration-ms="126">
    <groups>
    </groups>
    <test started-at="2022-09-19T09:14:55 IST" name="Default test" finished-at="2022-09-19T09:14:55 IST" duration-ms="126">
      <class name="testng.Test3">
        <test-method signature="chats()[pri:-1, instance:testng.Test3@26275bef]" started-at="2022-09-19T09:14:55 IST" name="chats" finished-at="2022-09-19T09:14:55 IST" duration-ms="21" status="PASS">
          <reporter-output>
            <line>
              <![CDATA[chats ]]>
            </line>
          </reporter-output>
        </test-method> <!-- chats -->
        <test-method signature="settings()[pri:-1, instance:testng.Test3@26275bef]" started-at="2022-09-19T09:14:55 IST" name="settings" finished-at="2022-09-19T09:14:55 IST" duration-ms="3" status="PASS">
          <reporter-output>
            <line>
              <![CDATA[settings ]]>
            </line>
          </reporter-output>
        </test-method> <!-- settings -->
        <test-method signature="calls()[pri:1, instance:testng.Test3@26275bef]" started-at="2022-09-19T09:14:55 IST" name="calls" finished-at="2022-09-19T09:14:55 IST" duration-ms="2" status="PASS">
          <reporter-output>
            <line>
              <![CDATA[calls ]]>
            </line>
          </reporter-output>
        </test-method> <!-- calls -->
      </class> <!-- testng.Test3 -->
    </test> <!-- Default test -->
  </suite> <!-- Default suite -->
</testng-results>
