<?xml version="1.0" encoding="UTF-8"?>
<testng-results ignored="0" total="1" passed="1" failed="0" skipped="0">
  <reporter-output>
    <line>
      <![CDATA[Facebook – log in or sign up]]>
    </line>
    <line>
      <![CDATA[https://www.facebook.com/]]>
    </line>
  </reporter-output>
  <suite started-at="2022-07-28T16:28:34 IST" name="Failed suite [Failed suite [Suite]]" finished-at="2022-07-28T16:28:47 IST" duration-ms="12604">
    <groups>
    </groups>
    <test started-at="2022-07-28T16:28:34 IST" name="Test(failed)(failed)" finished-at="2022-07-28T16:28:47 IST" duration-ms="12604">
      <class name="testng.TestCase1">
        <test-method is-config="true" signature="openApp()[pri:0, instance:testng.TestCase1@378542de]" started-at="2022-07-28T16:28:34 IST" name="openApp" finished-at="2022-07-28T16:28:42 IST" duration-ms="7436" status="PASS">
          <reporter-output>
          </reporter-output>
        </test-method> <!-- openApp -->
        <test-method signature="tc1()[pri:0, instance:testng.TestCase1@378542de]" started-at="2022-07-28T16:28:42 IST" name="tc1" finished-at="2022-07-28T16:28:46 IST" duration-ms="4726" status="PASS">
          <reporter-output>
            <line>
              <![CDATA[Facebook – log in or sign up]]>
            </line>
            <line>
              <![CDATA[https://www.facebook.com/]]>
            </line>
          </reporter-output>
        </test-method> <!-- tc1 -->
        <test-method is-config="true" signature="closeApp()[pri:0, instance:testng.TestCase1@378542de]" started-at="2022-07-28T16:28:46 IST" name="closeApp" finished-at="2022-07-28T16:28:47 IST" duration-ms="356" status="PASS">
          <reporter-output>
          </reporter-output>
        </test-method> <!-- closeApp -->
      </class> <!-- testng.TestCase1 -->
    </test> <!-- Test(failed)(failed) -->
  </suite> <!-- Failed suite [Failed suite [Suite]] -->
</testng-results>
